+-------------------------+-----------------+
| Variable                | Value           |
+=========================+=================+
| len(final_train_labels) | 79800           |
+-------------------------+-----------------+
| len(test_labels)        | 19950           |
+-------------------------+-----------------+
| train_x.shape           | (79800, 6, 288) |
+-------------------------+-----------------+
| test_x.shape            | (19950, 6, 288) |
+-------------------------+-----------------+
Model Structure:
 MLP(
  (linear): Sequential(
    (0): Linear(in_features=576, out_features=64, bias=True)
    (1): LeakyReLU(negative_slope=0.01)
    (2): Linear(in_features=64, out_features=64, bias=True)
    (3): LeakyReLU(negative_slope=0.01)
    (4): Linear(in_features=64, out_features=64, bias=True)
    (5): LeakyReLU(negative_slope=0.01)
  )
  (fc): Linear(in_features=64, out_features=70, bias=True)
)
Start Training ... 
Let's use GPU 0!
at epoch 0 learning_rate is updated to 0.005
Epoch: 0 Train loss: 2.5835, Train acc:0.2716, Test loss: 1.9555, Test acc: 0.3785, Time: 8.8023
macro auc: 0.5665 and micro auc: 0.6149
macro precision: 0.6657 and micro precision: 0.3785
macro recall: 0.2444 and micro recall: 0.3785
macro f1: 0.2456 and micro f1: 0.3785

Epoch: 1 Train loss: 1.8734, Train acc:0.4146, Test loss: 1.9922, Test acc: 0.3874, Time: 8.6206
macro auc: 0.5814 and micro auc: 0.6264
macro precision: 0.6221 and micro precision: 0.3874
macro recall: 0.2705 and micro recall: 0.3874
macro f1: 0.2664 and micro f1: 0.3874

Epoch: 2 Train loss: 1.7338, Train acc:0.4471, Test loss: 1.8622, Test acc: 0.4010, Time: 8.4963
macro auc: 0.6000 and micro auc: 0.6395
macro precision: 0.6346 and micro precision: 0.4010
macro recall: 0.3028 and micro recall: 0.4010
macro f1: 0.3068 and micro f1: 0.4010

Epoch: 3 Train loss: 1.6543, Train acc:0.4669, Test loss: 1.8695, Test acc: 0.4174, Time: 8.4742
macro auc: 0.5860 and micro auc: 0.6364
macro precision: 0.6085 and micro precision: 0.4174
macro recall: 0.2785 and micro recall: 0.4174
macro f1: 0.2798 and micro f1: 0.4174

Epoch: 4 Train loss: 1.6052, Train acc:0.4793, Test loss: 1.4979, Test acc: 0.5057, Time: 8.4552
macro auc: 0.6290 and micro auc: 0.6828
macro precision: 0.6183 and micro precision: 0.5057
macro recall: 0.3532 and micro recall: 0.5057
macro f1: 0.3285 and micro f1: 0.5057

Epoch: 5 Train loss: 1.5790, Train acc:0.4886, Test loss: 1.4174, Test acc: 0.5229, Time: 8.4171
macro auc: 0.6361 and micro auc: 0.6907
macro precision: 0.5820 and micro precision: 0.5229
macro recall: 0.3658 and micro recall: 0.5229
macro f1: 0.3579 and micro f1: 0.5229

Epoch: 6 Train loss: 1.5195, Train acc:0.5025, Test loss: 1.8331, Test acc: 0.4709, Time: 8.1953
macro auc: 0.6267 and micro auc: 0.6731
macro precision: 0.5825 and micro precision: 0.4709
macro recall: 0.3495 and micro recall: 0.4709
macro f1: 0.3323 and micro f1: 0.4709

Epoch: 7 Train loss: 1.5072, Train acc:0.5062, Test loss: 1.4187, Test acc: 0.5272, Time: 8.6060
macro auc: 0.6412 and micro auc: 0.6930
macro precision: 0.6004 and micro precision: 0.5272
macro recall: 0.3746 and micro recall: 0.5272
macro f1: 0.3637 and micro f1: 0.5272

Epoch: 8 Train loss: 1.4542, Train acc:0.5227, Test loss: 1.3868, Test acc: 0.5335, Time: 8.6475
macro auc: 0.6485 and micro auc: 0.7001
macro precision: 0.5611 and micro precision: 0.5335
macro recall: 0.3872 and micro recall: 0.5335
macro f1: 0.3751 and micro f1: 0.5335

Epoch: 9 Train loss: 1.4175, Train acc:0.5297, Test loss: 1.4942, Test acc: 0.5083, Time: 8.6478
macro auc: 0.6450 and micro auc: 0.6919
macro precision: 0.6302 and micro precision: 0.5083
macro recall: 0.3813 and micro recall: 0.5083
macro f1: 0.3715 and micro f1: 0.5083

at epoch 10 learning_rate is updated to 0.0025
Epoch: 10 Train loss: 1.2112, Train acc:0.5877, Test loss: 1.1253, Test acc: 0.6102, Time: 8.6818
macro auc: 0.6980 and micro auc: 0.7460
macro precision: 0.5926 and micro precision: 0.6102
macro recall: 0.4736 and micro recall: 0.6102
macro f1: 0.4526 and micro f1: 0.6102

Epoch: 11 Train loss: 1.1655, Train acc:0.6010, Test loss: 1.0829, Test acc: 0.6181, Time: 7.7440
macro auc: 0.6945 and micro auc: 0.7459
macro precision: 0.5705 and micro precision: 0.6181
macro recall: 0.4675 and micro recall: 0.6181
macro f1: 0.4470 and micro f1: 0.6181

Epoch: 12 Train loss: 1.1467, Train acc:0.6052, Test loss: 1.1523, Test acc: 0.6032, Time: 8.4097
macro auc: 0.7025 and micro auc: 0.7465
macro precision: 0.5794 and micro precision: 0.6032
macro recall: 0.4814 and micro recall: 0.6032
macro f1: 0.4442 and micro f1: 0.6032

Epoch: 13 Train loss: 1.1133, Train acc:0.6141, Test loss: 1.0604, Test acc: 0.6312, Time: 8.3806
macro auc: 0.7038 and micro auc: 0.7538
macro precision: 0.6281 and micro precision: 0.6312
macro recall: 0.4837 and micro recall: 0.6312
macro f1: 0.4705 and micro f1: 0.6312

Epoch: 14 Train loss: 1.1071, Train acc:0.6189, Test loss: 1.2280, Test acc: 0.5836, Time: 8.3410
macro auc: 0.6873 and micro auc: 0.7332
macro precision: 0.6210 and micro precision: 0.5836
macro recall: 0.4550 and micro recall: 0.5836
macro f1: 0.4438 and micro f1: 0.5836

Epoch: 15 Train loss: 1.0952, Train acc:0.6202, Test loss: 1.0397, Test acc: 0.6383, Time: 8.3333
macro auc: 0.7149 and micro auc: 0.7622
macro precision: 0.6055 and micro precision: 0.6383
macro recall: 0.5031 and micro recall: 0.6383
macro f1: 0.4807 and micro f1: 0.6383

Epoch: 16 Train loss: 1.0736, Train acc:0.6263, Test loss: 1.0336, Test acc: 0.6375, Time: 8.3610
macro auc: 0.7143 and micro auc: 0.7614
macro precision: 0.6092 and micro precision: 0.6375
macro recall: 0.5019 and micro recall: 0.6375
macro f1: 0.5031 and micro f1: 0.6375

Epoch: 17 Train loss: 1.0571, Train acc:0.6323, Test loss: 1.0480, Test acc: 0.6263, Time: 8.2964
macro auc: 0.7089 and micro auc: 0.7557
macro precision: 0.6100 and micro precision: 0.6263
macro recall: 0.4927 and micro recall: 0.6263
macro f1: 0.4745 and micro f1: 0.6263

Epoch: 18 Train loss: 1.0467, Train acc:0.6341, Test loss: 1.0309, Test acc: 0.6360, Time: 9.0144
macro auc: 0.7167 and micro auc: 0.7618
macro precision: 0.6203 and micro precision: 0.6360
macro recall: 0.5062 and micro recall: 0.6360
macro f1: 0.5044 and micro f1: 0.6360

Epoch: 19 Train loss: 1.0451, Train acc:0.6375, Test loss: 1.2133, Test acc: 0.5872, Time: 8.9920
macro auc: 0.7034 and micro auc: 0.7437
macro precision: 0.5609 and micro precision: 0.5872
macro recall: 0.4830 and micro recall: 0.5872
macro f1: 0.4331 and micro f1: 0.5872

at epoch 20 learning_rate is updated to 0.00125
Epoch: 20 Train loss: 0.9260, Train acc:0.6746, Test loss: 0.9745, Test acc: 0.6583, Time: 8.3853
macro auc: 0.7315 and micro auc: 0.7761
macro precision: 0.6370 and micro precision: 0.6583
macro recall: 0.5320 and micro recall: 0.6583
macro f1: 0.5176 and micro f1: 0.6583

Epoch: 21 Train loss: 0.9069, Train acc:0.6786, Test loss: 0.9180, Test acc: 0.6762, Time: 8.4065
macro auc: 0.7398 and micro auc: 0.7844
macro precision: 0.6584 and micro precision: 0.6762
macro recall: 0.5464 and micro recall: 0.6762
macro f1: 0.5413 and micro f1: 0.6762

Epoch: 22 Train loss: 0.8943, Train acc:0.6827, Test loss: 0.9776, Test acc: 0.6527, Time: 8.3451
macro auc: 0.7297 and micro auc: 0.7734
macro precision: 0.6068 and micro precision: 0.6527
macro recall: 0.5288 and micro recall: 0.6527
macro f1: 0.5147 and micro f1: 0.6527

Epoch: 23 Train loss: 0.8894, Train acc:0.6847, Test loss: 0.8934, Test acc: 0.6823, Time: 8.5052
macro auc: 0.7387 and micro auc: 0.7856
macro precision: 0.6343 and micro precision: 0.6823
macro recall: 0.5446 and micro recall: 0.6823
macro f1: 0.5285 and micro f1: 0.6823

Epoch: 24 Train loss: 0.8762, Train acc:0.6899, Test loss: 0.9471, Test acc: 0.6625, Time: 8.3925
macro auc: 0.7347 and micro auc: 0.7784
macro precision: 0.5929 and micro precision: 0.6625
macro recall: 0.5376 and micro recall: 0.6625
macro f1: 0.4916 and micro f1: 0.6625

Epoch: 25 Train loss: 0.8626, Train acc:0.6919, Test loss: 0.9897, Test acc: 0.6556, Time: 8.4239
macro auc: 0.7372 and micro auc: 0.7786
macro precision: 0.5912 and micro precision: 0.6556
macro recall: 0.5420 and micro recall: 0.6556
macro f1: 0.5150 and micro f1: 0.6556

Epoch: 26 Train loss: 0.8635, Train acc:0.6933, Test loss: 0.9532, Test acc: 0.6621, Time: 8.7327
macro auc: 0.7353 and micro auc: 0.7788
macro precision: 0.5876 and micro precision: 0.6621
macro recall: 0.5385 and micro recall: 0.6621
macro f1: 0.5261 and micro f1: 0.6621

Epoch: 27 Train loss: 0.8644, Train acc:0.6925, Test loss: 0.9588, Test acc: 0.6656, Time: 8.6158
macro auc: 0.7435 and micro auc: 0.7843
macro precision: 0.6323 and micro precision: 0.6656
macro recall: 0.5530 and micro recall: 0.6656
macro f1: 0.5343 and micro f1: 0.6656

Epoch: 28 Train loss: 0.8565, Train acc:0.6964, Test loss: 0.9928, Test acc: 0.6585, Time: 8.6870
macro auc: 0.7399 and micro auc: 0.7804
macro precision: 0.6153 and micro precision: 0.6585
macro recall: 0.5466 and micro recall: 0.6585
macro f1: 0.5174 and micro f1: 0.6585

Epoch: 29 Train loss: 0.8486, Train acc:0.6970, Test loss: 0.9046, Test acc: 0.6795, Time: 8.7408
macro auc: 0.7406 and micro auc: 0.7860
macro precision: 0.5931 and micro precision: 0.6795
macro recall: 0.5479 and micro recall: 0.6795
macro f1: 0.5155 and micro f1: 0.6795

at epoch 30 learning_rate is updated to 0.000625
Epoch: 30 Train loss: 0.7794, Train acc:0.7220, Test loss: 0.8861, Test acc: 0.6867, Time: 8.5664
macro auc: 0.7448 and micro auc: 0.7898
macro precision: 0.6274 and micro precision: 0.6867
macro recall: 0.5552 and micro recall: 0.6867
macro f1: 0.5315 and micro f1: 0.6867

Epoch: 31 Train loss: 0.7692, Train acc:0.7254, Test loss: 0.8434, Test acc: 0.7011, Time: 8.4500
macro auc: 0.7498 and micro auc: 0.7960
macro precision: 0.6356 and micro precision: 0.7011
macro recall: 0.5639 and micro recall: 0.7011
macro f1: 0.5362 and micro f1: 0.7011

Epoch: 32 Train loss: 0.7656, Train acc:0.7273, Test loss: 0.8842, Test acc: 0.6872, Time: 8.5211
macro auc: 0.7456 and micro auc: 0.7902
macro precision: 0.6515 and micro precision: 0.6872
macro recall: 0.5566 and micro recall: 0.6872
macro f1: 0.5476 and micro f1: 0.6872

Epoch: 33 Train loss: 0.7548, Train acc:0.7286, Test loss: 0.8890, Test acc: 0.6859, Time: 9.2855
macro auc: 0.7440 and micro auc: 0.7893
macro precision: 0.6123 and micro precision: 0.6859
macro recall: 0.5538 and micro recall: 0.6859
macro f1: 0.5171 and micro f1: 0.6859

Epoch: 34 Train loss: 0.7540, Train acc:0.7313, Test loss: 0.9291, Test acc: 0.6752, Time: 8.7413
macro auc: 0.7464 and micro auc: 0.7881
macro precision: 0.6045 and micro precision: 0.6752
macro recall: 0.5579 and micro recall: 0.6752
macro f1: 0.5312 and micro f1: 0.6752

Epoch: 35 Train loss: 0.7498, Train acc:0.7317, Test loss: 0.8895, Test acc: 0.6870, Time: 8.7840
macro auc: 0.7440 and micro auc: 0.7897
macro precision: 0.6438 and micro precision: 0.6870
macro recall: 0.5538 and micro recall: 0.6870
macro f1: 0.5468 and micro f1: 0.6870

Epoch: 36 Train loss: 0.7517, Train acc:0.7319, Test loss: 0.8470, Test acc: 0.7025, Time: 8.8458
macro auc: 0.7548 and micro auc: 0.7991
macro precision: 0.6470 and micro precision: 0.7025
macro recall: 0.5727 and micro recall: 0.7025
macro f1: 0.5635 and micro f1: 0.7025

Epoch: 37 Train loss: 0.7427, Train acc:0.7351, Test loss: 0.8588, Test acc: 0.6982, Time: 8.8704
macro auc: 0.7489 and micro auc: 0.7950
macro precision: 0.6373 and micro precision: 0.6982
macro recall: 0.5623 and micro recall: 0.6982
macro f1: 0.5424 and micro f1: 0.6982

Epoch: 38 Train loss: 0.7398, Train acc:0.7357, Test loss: 0.9174, Test acc: 0.6777, Time: 8.7540
macro auc: 0.7534 and micro auc: 0.7922
macro precision: 0.5787 and micro precision: 0.6777
macro recall: 0.5702 and micro recall: 0.6777
macro f1: 0.5226 and micro f1: 0.6777

Epoch: 39 Train loss: 0.7354, Train acc:0.7352, Test loss: 0.8556, Test acc: 0.6981, Time: 8.8612
macro auc: 0.7512 and micro auc: 0.7962
macro precision: 0.6189 and micro precision: 0.6981
macro recall: 0.5663 and micro recall: 0.6981
macro f1: 0.5296 and micro f1: 0.6981

at epoch 40 learning_rate is updated to 0.0003125
Epoch: 40 Train loss: 0.6984, Train acc:0.7497, Test loss: 0.8366, Test acc: 0.7067, Time: 8.4872
macro auc: 0.7549 and micro auc: 0.8002
macro precision: 0.6047 and micro precision: 0.7067
macro recall: 0.5727 and micro recall: 0.7067
macro f1: 0.5499 and micro f1: 0.7067

Epoch: 41 Train loss: 0.6933, Train acc:0.7527, Test loss: 0.8381, Test acc: 0.7064, Time: 8.5047
macro auc: 0.7576 and micro auc: 0.8016
macro precision: 0.5969 and micro precision: 0.7064
macro recall: 0.5775 and micro recall: 0.7064
macro f1: 0.5513 and micro f1: 0.7064

Epoch: 42 Train loss: 0.6905, Train acc:0.7536, Test loss: 0.8291, Test acc: 0.7100, Time: 8.6929
macro auc: 0.7566 and micro auc: 0.8019
macro precision: 0.6106 and micro precision: 0.7100
macro recall: 0.5758 and micro recall: 0.7100
macro f1: 0.5530 and micro f1: 0.7100

Epoch: 43 Train loss: 0.6873, Train acc:0.7537, Test loss: 0.8512, Test acc: 0.7051, Time: 8.6639
macro auc: 0.7569 and micro auc: 0.8009
macro precision: 0.6159 and micro precision: 0.7051
macro recall: 0.5764 and micro recall: 0.7051
macro f1: 0.5621 and micro f1: 0.7051

Epoch: 44 Train loss: 0.6859, Train acc:0.7557, Test loss: 0.8644, Test acc: 0.6983, Time: 8.7561
macro auc: 0.7573 and micro auc: 0.7995
macro precision: 0.6059 and micro precision: 0.6983
macro recall: 0.5769 and micro recall: 0.6983
macro f1: 0.5623 and micro f1: 0.6983

Epoch: 45 Train loss: 0.6841, Train acc:0.7566, Test loss: 0.8477, Test acc: 0.7061, Time: 8.7962
macro auc: 0.7584 and micro auc: 0.8019
macro precision: 0.6082 and micro precision: 0.7061
macro recall: 0.5789 and micro recall: 0.7061
macro f1: 0.5535 and micro f1: 0.7061

Epoch: 46 Train loss: 0.6819, Train acc:0.7558, Test loss: 0.8334, Test acc: 0.7091, Time: 8.3387
macro auc: 0.7586 and micro auc: 0.8028
macro precision: 0.5894 and micro precision: 0.7091
macro recall: 0.5792 and micro recall: 0.7091
macro f1: 0.5241 and micro f1: 0.7091

Epoch: 47 Train loss: 0.6813, Train acc:0.7550, Test loss: 0.8465, Test acc: 0.7061, Time: 8.3360
macro auc: 0.7581 and micro auc: 0.8017
macro precision: 0.5992 and micro precision: 0.7061
macro recall: 0.5784 and micro recall: 0.7061
macro f1: 0.5376 and micro f1: 0.7061

Epoch: 48 Train loss: 0.6784, Train acc:0.7567, Test loss: 0.8416, Test acc: 0.7073, Time: 9.2281
macro auc: 0.7611 and micro auc: 0.8036
macro precision: 0.6153 and micro precision: 0.7073
macro recall: 0.5836 and micro recall: 0.7073
macro f1: 0.5686 and micro f1: 0.7073

Epoch: 49 Train loss: 0.6775, Train acc:0.7593, Test loss: 0.8756, Test acc: 0.6976, Time: 8.3938
macro auc: 0.7557 and micro auc: 0.7985
macro precision: 0.6140 and micro precision: 0.6976
macro recall: 0.5741 and micro recall: 0.6976
macro f1: 0.5480 and micro f1: 0.6976

at epoch 50 learning_rate is updated to 0.00015625
Epoch: 50 Train loss: 0.6541, Train acc:0.7662, Test loss: 0.8413, Test acc: 0.7072, Time: 8.1915
macro auc: 0.7605 and micro auc: 0.8035
macro precision: 0.6033 and micro precision: 0.7072
macro recall: 0.5825 and micro recall: 0.7072
macro f1: 0.5531 and micro f1: 0.7072

Epoch: 51 Train loss: 0.6505, Train acc:0.7690, Test loss: 0.8308, Test acc: 0.7129, Time: 8.4877
macro auc: 0.7656 and micro auc: 0.8072
macro precision: 0.5988 and micro precision: 0.7129
macro recall: 0.5913 and micro recall: 0.7129
macro f1: 0.5488 and micro f1: 0.7129

Epoch: 52 Train loss: 0.6509, Train acc:0.7675, Test loss: 0.8398, Test acc: 0.7095, Time: 8.3694
macro auc: 0.7590 and micro auc: 0.8032
macro precision: 0.5935 and micro precision: 0.7095
macro recall: 0.5799 and micro recall: 0.7095
macro f1: 0.5405 and micro f1: 0.7095

Epoch: 53 Train loss: 0.6479, Train acc:0.7691, Test loss: 0.8366, Test acc: 0.7117, Time: 8.3233
macro auc: 0.7649 and micro auc: 0.8067
macro precision: 0.6073 and micro precision: 0.7117
macro recall: 0.5901 and micro recall: 0.7117
macro f1: 0.5523 and micro f1: 0.7117

Epoch: 54 Train loss: 0.6485, Train acc:0.7693, Test loss: 0.8425, Test acc: 0.7090, Time: 8.4849
macro auc: 0.7638 and micro auc: 0.8057
macro precision: 0.5827 and micro precision: 0.7090
macro recall: 0.5882 and micro recall: 0.7090
macro f1: 0.5434 and micro f1: 0.7090

Epoch: 55 Train loss: 0.6471, Train acc:0.7694, Test loss: 0.8519, Test acc: 0.7060, Time: 8.4414
macro auc: 0.7655 and micro auc: 0.8055
macro precision: 0.6007 and micro precision: 0.7060
macro recall: 0.5912 and micro recall: 0.7060
macro f1: 0.5503 and micro f1: 0.7060

Epoch: 56 Train loss: 0.6478, Train acc:0.7682, Test loss: 0.8339, Test acc: 0.7150, Time: 9.0582
macro auc: 0.7679 and micro auc: 0.8092
macro precision: 0.6082 and micro precision: 0.7150
macro recall: 0.5954 and micro recall: 0.7150
macro f1: 0.5503 and micro f1: 0.7150

Epoch: 57 Train loss: 0.6456, Train acc:0.7703, Test loss: 0.8360, Test acc: 0.7117, Time: 8.4665
macro auc: 0.7682 and micro auc: 0.8083
macro precision: 0.6169 and micro precision: 0.7117
macro recall: 0.5959 and micro recall: 0.7117
macro f1: 0.5680 and micro f1: 0.7117

Epoch: 58 Train loss: 0.6451, Train acc:0.7708, Test loss: 0.8475, Test acc: 0.7080, Time: 8.4143
macro auc: 0.7682 and micro auc: 0.8074
macro precision: 0.6063 and micro precision: 0.7080
macro recall: 0.5959 and micro recall: 0.7080
macro f1: 0.5656 and micro f1: 0.7080

Epoch: 59 Train loss: 0.6431, Train acc:0.7694, Test loss: 0.8464, Test acc: 0.7109, Time: 8.6573
macro auc: 0.7670 and micro auc: 0.8076
macro precision: 0.6101 and micro precision: 0.7109
macro recall: 0.5938 and micro recall: 0.7109
macro f1: 0.5562 and micro f1: 0.7109

at epoch 60 learning_rate is updated to 7.8125e-05
Epoch: 60 Train loss: 0.6311, Train acc:0.7765, Test loss: 0.8518, Test acc: 0.7057, Time: 8.6781
macro auc: 0.7635 and micro auc: 0.8046
macro precision: 0.6057 and micro precision: 0.7057
macro recall: 0.5878 and micro recall: 0.7057
macro f1: 0.5564 and micro f1: 0.7057

Epoch: 61 Train loss: 0.6293, Train acc:0.7761, Test loss: 0.8371, Test acc: 0.7141, Time: 8.6657
macro auc: 0.7672 and micro auc: 0.8085
macro precision: 0.6347 and micro precision: 0.7141
macro recall: 0.5943 and micro recall: 0.7141
macro f1: 0.5684 and micro f1: 0.7141

Epoch: 62 Train loss: 0.6280, Train acc:0.7768, Test loss: 0.8334, Test acc: 0.7149, Time: 8.6072
macro auc: 0.7679 and micro auc: 0.8091
macro precision: 0.5988 and micro precision: 0.7149
macro recall: 0.5954 and micro recall: 0.7149
macro f1: 0.5534 and micro f1: 0.7149

Epoch: 63 Train loss: 0.6279, Train acc:0.7774, Test loss: 0.8365, Test acc: 0.7129, Time: 8.6922
macro auc: 0.7679 and micro auc: 0.8086
macro precision: 0.5971 and micro precision: 0.7129
macro recall: 0.5955 and micro recall: 0.7129
macro f1: 0.5520 and micro f1: 0.7129

Epoch: 64 Train loss: 0.6284, Train acc:0.7769, Test loss: 0.8469, Test acc: 0.7104, Time: 8.6118
macro auc: 0.7670 and micro auc: 0.8074
macro precision: 0.5947 and micro precision: 0.7104
macro recall: 0.5939 and micro recall: 0.7104
macro f1: 0.5521 and micro f1: 0.7104

Epoch: 65 Train loss: 0.6280, Train acc:0.7769, Test loss: 0.8350, Test acc: 0.7139, Time: 8.4677
macro auc: 0.7687 and micro auc: 0.8092
macro precision: 0.5979 and micro precision: 0.7139
macro recall: 0.5967 and micro recall: 0.7139
macro f1: 0.5537 and micro f1: 0.7139

Epoch: 66 Train loss: 0.6261, Train acc:0.7775, Test loss: 0.8338, Test acc: 0.7135, Time: 8.7377
macro auc: 0.7670 and micro auc: 0.8084
macro precision: 0.5735 and micro precision: 0.7135
macro recall: 0.5939 and micro recall: 0.7135
macro f1: 0.5330 and micro f1: 0.7135

Epoch: 67 Train loss: 0.6268, Train acc:0.7778, Test loss: 0.8543, Test acc: 0.7104, Time: 8.7460
macro auc: 0.7644 and micro auc: 0.8062
macro precision: 0.6008 and micro precision: 0.7104
macro recall: 0.5893 and micro recall: 0.7104
macro f1: 0.5595 and micro f1: 0.7104

Epoch: 68 Train loss: 0.6257, Train acc:0.7781, Test loss: 0.8389, Test acc: 0.7114, Time: 8.7376
macro auc: 0.7668 and micro auc: 0.8077
macro precision: 0.5807 and micro precision: 0.7114
macro recall: 0.5935 and micro recall: 0.7114
macro f1: 0.5355 and micro f1: 0.7114

Epoch: 69 Train loss: 0.6257, Train acc:0.7786, Test loss: 0.8477, Test acc: 0.7104, Time: 8.7129
macro auc: 0.7675 and micro auc: 0.8078
macro precision: 0.5942 and micro precision: 0.7104
macro recall: 0.5947 and micro recall: 0.7104
macro f1: 0.5497 and micro f1: 0.7104

at epoch 70 learning_rate is updated to 3.90625e-05
Epoch: 70 Train loss: 0.6184, Train acc:0.7814, Test loss: 0.8384, Test acc: 0.7139, Time: 8.4130
macro auc: 0.7689 and micro auc: 0.8094
macro precision: 0.5957 and micro precision: 0.7139
macro recall: 0.5972 and micro recall: 0.7139
macro f1: 0.5531 and micro f1: 0.7139

Epoch: 71 Train loss: 0.6176, Train acc:0.7806, Test loss: 0.8413, Test acc: 0.7129, Time: 8.3158
macro auc: 0.7667 and micro auc: 0.8080
macro precision: 0.6080 and micro precision: 0.7129
macro recall: 0.5934 and micro recall: 0.7129
macro f1: 0.5645 and micro f1: 0.7129

Epoch: 72 Train loss: 0.6170, Train acc:0.7817, Test loss: 0.8348, Test acc: 0.7149, Time: 8.2900
macro auc: 0.7679 and micro auc: 0.8092
macro precision: 0.5960 and micro precision: 0.7149
macro recall: 0.5955 and micro recall: 0.7149
macro f1: 0.5524 and micro f1: 0.7149

Epoch: 73 Train loss: 0.6169, Train acc:0.7822, Test loss: 0.8346, Test acc: 0.7150, Time: 8.2162
macro auc: 0.7665 and micro auc: 0.8084
macro precision: 0.5940 and micro precision: 0.7150
macro recall: 0.5930 and micro recall: 0.7150
macro f1: 0.5497 and micro f1: 0.7150

Epoch: 74 Train loss: 0.6171, Train acc:0.7806, Test loss: 0.8344, Test acc: 0.7159, Time: 8.2915
macro auc: 0.7674 and micro auc: 0.8091
macro precision: 0.5987 and micro precision: 0.7159
macro recall: 0.5945 and micro recall: 0.7159
macro f1: 0.5525 and micro f1: 0.7159

Epoch: 75 Train loss: 0.6161, Train acc:0.7823, Test loss: 0.8394, Test acc: 0.7151, Time: 8.3010
macro auc: 0.7674 and micro auc: 0.8089
macro precision: 0.5997 and micro precision: 0.7151
macro recall: 0.5945 and micro recall: 0.7151
macro f1: 0.5535 and micro f1: 0.7151

Epoch: 76 Train loss: 0.6160, Train acc:0.7810, Test loss: 0.8338, Test acc: 0.7162, Time: 8.7800
macro auc: 0.7680 and micro auc: 0.8096
macro precision: 0.5962 and micro precision: 0.7162
macro recall: 0.5956 and micro recall: 0.7162
macro f1: 0.5518 and micro f1: 0.7162

Epoch: 77 Train loss: 0.6154, Train acc:0.7826, Test loss: 0.8521, Test acc: 0.7093, Time: 8.5881
macro auc: 0.7651 and micro auc: 0.8064
macro precision: 0.5915 and micro precision: 0.7093
macro recall: 0.5905 and micro recall: 0.7093
macro f1: 0.5452 and micro f1: 0.7093

Epoch: 78 Train loss: 0.6150, Train acc:0.7821, Test loss: 0.8357, Test acc: 0.7156, Time: 8.4012
macro auc: 0.7685 and micro auc: 0.8097
macro precision: 0.5932 and micro precision: 0.7156
macro recall: 0.5965 and micro recall: 0.7156
macro f1: 0.5516 and micro f1: 0.7156

Epoch: 79 Train loss: 0.6148, Train acc:0.7822, Test loss: 0.8371, Test acc: 0.7166, Time: 8.3755
macro auc: 0.7683 and micro auc: 0.8098
macro precision: 0.6318 and micro precision: 0.7166
macro recall: 0.5962 and micro recall: 0.7166
macro f1: 0.5697 and micro f1: 0.7166

at epoch 80 learning_rate is updated to 1.953125e-05
Epoch: 80 Train loss: 0.6113, Train acc:0.7837, Test loss: 0.8353, Test acc: 0.7150, Time: 8.5965
macro auc: 0.7670 and micro auc: 0.8087
macro precision: 0.5936 and micro precision: 0.7150
macro recall: 0.5938 and micro recall: 0.7150
macro f1: 0.5491 and micro f1: 0.7150

Epoch: 81 Train loss: 0.6109, Train acc:0.7840, Test loss: 0.8338, Test acc: 0.7169, Time: 8.2818
macro auc: 0.7696 and micro auc: 0.8105
macro precision: 0.5983 and micro precision: 0.7169
macro recall: 0.5983 and micro recall: 0.7169
macro f1: 0.5542 and micro f1: 0.7169

Epoch: 82 Train loss: 0.6110, Train acc:0.7839, Test loss: 0.8331, Test acc: 0.7163, Time: 8.3507
macro auc: 0.7691 and micro auc: 0.8101
macro precision: 0.5970 and micro precision: 0.7163
macro recall: 0.5975 and micro recall: 0.7163
macro f1: 0.5535 and micro f1: 0.7163

Epoch: 83 Train loss: 0.6107, Train acc:0.7838, Test loss: 0.8326, Test acc: 0.7170, Time: 8.3005
macro auc: 0.7689 and micro auc: 0.8102
macro precision: 0.5956 and micro precision: 0.7170
macro recall: 0.5972 and micro recall: 0.7170
macro f1: 0.5529 and micro f1: 0.7170

Epoch: 84 Train loss: 0.6104, Train acc:0.7835, Test loss: 0.8345, Test acc: 0.7168, Time: 8.4972
macro auc: 0.7691 and micro auc: 0.8103
macro precision: 0.5986 and micro precision: 0.7168
macro recall: 0.5975 and micro recall: 0.7168
macro f1: 0.5539 and micro f1: 0.7168

Epoch: 85 Train loss: 0.6106, Train acc:0.7835, Test loss: 0.8381, Test acc: 0.7153, Time: 8.4381
macro auc: 0.7671 and micro auc: 0.8088
macro precision: 0.6128 and micro precision: 0.7153
macro recall: 0.5940 and micro recall: 0.7153
macro f1: 0.5525 and micro f1: 0.7153

Epoch: 86 Train loss: 0.6105, Train acc:0.7848, Test loss: 0.8387, Test acc: 0.7141, Time: 8.3489
macro auc: 0.7672 and micro auc: 0.8087
macro precision: 0.5918 and micro precision: 0.7141
macro recall: 0.5942 and micro recall: 0.7141
macro f1: 0.5491 and micro f1: 0.7141

Epoch: 87 Train loss: 0.6101, Train acc:0.7835, Test loss: 0.8367, Test acc: 0.7142, Time: 9.2731
macro auc: 0.7677 and micro auc: 0.8089
macro precision: 0.5945 and micro precision: 0.7142
macro recall: 0.5950 and micro recall: 0.7142
macro f1: 0.5507 and micro f1: 0.7142

Epoch: 88 Train loss: 0.6100, Train acc:0.7842, Test loss: 0.8374, Test acc: 0.7162, Time: 9.3041
macro auc: 0.7673 and micro auc: 0.8091
macro precision: 0.6114 and micro precision: 0.7162
macro recall: 0.5944 and micro recall: 0.7162
macro f1: 0.5521 and micro f1: 0.7162

Epoch: 89 Train loss: 0.6099, Train acc:0.7840, Test loss: 0.8346, Test acc: 0.7155, Time: 8.5671
macro auc: 0.7683 and micro auc: 0.8095
macro precision: 0.5956 and micro precision: 0.7155
macro recall: 0.5962 and micro recall: 0.7155
macro f1: 0.5523 and micro f1: 0.7155

at epoch 90 learning_rate is updated to 9.765625e-06
Epoch: 90 Train loss: 0.6074, Train acc:0.7854, Test loss: 0.8354, Test acc: 0.7163, Time: 8.3227
macro auc: 0.7684 and micro auc: 0.8097
macro precision: 0.5972 and micro precision: 0.7163
macro recall: 0.5963 and micro recall: 0.7163
macro f1: 0.5524 and micro f1: 0.7163

Epoch: 91 Train loss: 0.6074, Train acc:0.7851, Test loss: 0.8353, Test acc: 0.7169, Time: 8.5073
macro auc: 0.7681 and micro auc: 0.8098
macro precision: 0.5990 and micro precision: 0.7169
macro recall: 0.5957 and micro recall: 0.7169
macro f1: 0.5534 and micro f1: 0.7169

Epoch: 92 Train loss: 0.6074, Train acc:0.7854, Test loss: 0.8362, Test acc: 0.7150, Time: 8.2930
macro auc: 0.7680 and micro auc: 0.8093
macro precision: 0.5910 and micro precision: 0.7150
macro recall: 0.5956 and micro recall: 0.7150
macro f1: 0.5503 and micro f1: 0.7150

Epoch: 93 Train loss: 0.6074, Train acc:0.7856, Test loss: 0.8351, Test acc: 0.7147, Time: 8.3020
macro auc: 0.7675 and micro auc: 0.8090
macro precision: 0.5910 and micro precision: 0.7147
macro recall: 0.5948 and micro recall: 0.7147
macro f1: 0.5499 and micro f1: 0.7147

Epoch: 94 Train loss: 0.6074, Train acc:0.7850, Test loss: 0.8357, Test acc: 0.7159, Time: 8.3053
macro auc: 0.7687 and micro auc: 0.8098
macro precision: 0.5960 and micro precision: 0.7159
macro recall: 0.5969 and micro recall: 0.7159
macro f1: 0.5524 and micro f1: 0.7159

Epoch: 95 Train loss: 0.6072, Train acc:0.7849, Test loss: 0.8341, Test acc: 0.7170, Time: 8.4525
macro auc: 0.7692 and micro auc: 0.8103
macro precision: 0.5968 and micro precision: 0.7170
macro recall: 0.5976 and micro recall: 0.7170
macro f1: 0.5530 and micro f1: 0.7170

Epoch: 96 Train loss: 0.6071, Train acc:0.7853, Test loss: 0.8347, Test acc: 0.7157, Time: 8.3121
macro auc: 0.7679 and micro auc: 0.8094
macro precision: 0.5922 and micro precision: 0.7157
macro recall: 0.5954 and micro recall: 0.7157
macro f1: 0.5504 and micro f1: 0.7157

Epoch: 97 Train loss: 0.6072, Train acc:0.7850, Test loss: 0.8359, Test acc: 0.7154, Time: 8.3887
macro auc: 0.7686 and micro auc: 0.8096
macro precision: 0.5954 and micro precision: 0.7154
macro recall: 0.5966 and micro recall: 0.7154
macro f1: 0.5520 and micro f1: 0.7154

Epoch: 98 Train loss: 0.6070, Train acc:0.7850, Test loss: 0.8376, Test acc: 0.7146, Time: 8.5214
macro auc: 0.7671 and micro auc: 0.8087
macro precision: 0.5952 and micro precision: 0.7146
macro recall: 0.5940 and micro recall: 0.7146
macro f1: 0.5504 and micro f1: 0.7146

Epoch: 99 Train loss: 0.6069, Train acc:0.7856, Test loss: 0.8350, Test acc: 0.7158, Time: 8.3895
macro auc: 0.7684 and micro auc: 0.8096
macro precision: 0.5948 and micro precision: 0.7158
macro recall: 0.5963 and micro recall: 0.7158
macro f1: 0.5522 and micro f1: 0.7158

